\BOOKMARK [1][-]{section.1}{Introducci\363n}{}% 1
\BOOKMARK [1][-]{section.2}{Planteamiento del problema}{}% 2
\BOOKMARK [1][-]{section.3}{Antecedentes y marco te\363rico}{}% 3
\BOOKMARK [2][-]{subsection.3.1}{Tomograf\355a \363ptica de coherencia}{section.3}% 4
\BOOKMARK [2][-]{subsection.3.2}{El papel de la OCT en imagen m\351dica}{section.3}% 5
\BOOKMARK [2][-]{subsection.3.3}{Los inicios de la OCT}{section.3}% 6
\BOOKMARK [2][-]{subsection.3.4}{OCT: esquema}{section.3}% 7
\BOOKMARK [2][-]{subsection.3.5}{Interferometr\355a de baja coherencia}{section.3}% 8
\BOOKMARK [2][-]{subsection.3.6}{Interferometr\355a de baja coherencia en el dominio del tiempo}{section.3}% 9
\BOOKMARK [2][-]{subsection.3.7}{Interferometr\355a de baja coherencia en el dominio de Fourier}{section.3}% 10
\BOOKMARK [1][-]{section.4}{Objetivos}{}% 11
\BOOKMARK [2][-]{subsection.4.1}{Objetivo General}{section.4}% 12
\BOOKMARK [2][-]{subsection.4.2}{Objetivos Espec\355ficos}{section.4}% 13
\BOOKMARK [1][-]{section.5}{Metodolog\355a}{}% 14
\BOOKMARK [2][-]{subsection.5.1}{Revisi\363n bibliogr\341fica}{section.5}% 15
\BOOKMARK [2][-]{subsection.5.2}{Estudio te\363rico y simulaci\363n}{section.5}% 16
\BOOKMARK [2][-]{subsection.5.3}{Desarrollo e implementaci\363n}{section.5}% 17
\BOOKMARK [2][-]{subsection.5.4}{Aplicaci\363n experimental}{section.5}% 18
\BOOKMARK [2][-]{subsection.5.5}{Publicaci\363n y documentaci\363n de resultados}{section.5}% 19
\BOOKMARK [1][-]{section.6}{Cronograma}{}% 20
\BOOKMARK [1][-]{section.7}{Recursos}{}% 21
\BOOKMARK [1][-]{section.7}{Referencias}{}% 22
